<?xml version="1.0" encoding="UTF-8"?>
<!-- Generated by org.testng.reporters.JUnitReportReporter -->
<testsuite hostname="YI1007202LT" name="com.class1.LoginTestBatch9" tests="2" failures="0" timestamp="16 May 2021 08:01:51 GMT" time="28.693" errors="0">
  <testcase name="validationOfTitle" time="12.764" classname="com.class1.LoginTestBatch9"/>
  <testcase name="validLogin" time="15.929" classname="com.class1.LoginTestBatch9"/>
</testsuite> <!-- com.class1.LoginTestBatch9 -->
