<?xml version="1.0" encoding="UTF-8"?>
<!-- Generated by org.testng.reporters.JUnitReportReporter -->
<testsuite hostname="YI1007202LT" name="com.class3.LoginTestBatch9" tests="1" failures="0" timestamp="22 May 2021 17:04:54 GMT" time="26.412" errors="0">
  <testcase name="validLogin" time="26.412" classname="com.class3.LoginTestBatch9"/>
</testsuite> <!-- com.class3.LoginTestBatch9 -->
