<?xml version="1.0" encoding="UTF-8"?>
<!-- Generated by org.testng.reporters.JUnitReportReporter -->
<testsuite hostname="YI1007202LT" name="com.class1.BeforeAndAfterMethod" tests="2" failures="0" timestamp="16 May 2021 19:52:10 GMT" time="0.011" errors="0">
  <testcase name="testMethodOne" time="0.011" classname="com.class1.BeforeAndAfterMethod"/>
  <testcase name="testMethodTwo" time="0.000" classname="com.class1.BeforeAndAfterMethod"/>
</testsuite> <!-- com.class1.BeforeAndAfterMethod -->
