<?xml version="1.0" encoding="UTF-8"?>
<!-- Generated by org.testng.reporters.JUnitReportReporter -->
<testsuite hostname="YI1007202LT" name="com.class2.PriotityBatch9" tests="3" failures="0" timestamp="16 May 2021 15:07:46 GMT" time="0.036" errors="0">
  <testcase name="enterCredentialsMethod" time="0.001" classname="com.class2.PriotityBatch9"/>
  <testcase name="logoutMethod" time="0.001" classname="com.class2.PriotityBatch9"/>
  <testcase name="loginMethod" time="0.034" classname="com.class2.PriotityBatch9"/>
</testsuite> <!-- com.class2.PriotityBatch9 -->
