<?xml version="1.0" encoding="UTF-8"?>
<!-- Generated by org.testng.reporters.JUnitReportReporter -->
<testsuite hostname="YI1007202LT" name="Testng.basic.class1.TestNGDemo" tests="4" failures="0" timestamp="15 May 2021 22:35:19 GMT" time="0.010" errors="0">
  <testcase name="b" time="0.000" classname="Testng.basic.class1.TestNGDemo"/>
  <testcase name="testDemo" time="0.000" classname="Testng.basic.class1.TestNGDemo"/>
  <testcase name="d" time="0.000" classname="Testng.basic.class1.TestNGDemo"/>
  <testcase name="a" time="0.010" classname="Testng.basic.class1.TestNGDemo"/>
</testsuite> <!-- Testng.basic.class1.TestNGDemo -->
