<?xml version="1.0" encoding="UTF-8"?>
<!-- Generated by org.testng.reporters.JUnitReportReporter -->
<testsuite hostname="YI1007202LT" name="com.class3.LoginWIthConfig" tests="1" failures="0" timestamp="23 May 2021 09:13:14 GMT" time="17.478" errors="0">
  <testcase name="validLogin" time="17.478" classname="com.class3.LoginWIthConfig"/>
</testsuite> <!-- com.class3.LoginWIthConfig -->
