<?xml version="1.0" encoding="UTF-8"?>
<!-- Generated by org.testng.reporters.JUnitReportReporter -->
<testsuite hostname="YI1007202LT" name="Testng.basic.class1.ExampleBatch9" tests="4" failures="0" timestamp="16 May 2021 07:26:07 GMT" time="0.009" errors="0">
  <testcase name="fourthFunction" time="0.000" classname="Testng.basic.class1.ExampleBatch9"/>
  <testcase name="thirdFunction" time="0.000" classname="Testng.basic.class1.ExampleBatch9"/>
  <testcase name="secondFunction" time="0.000" classname="Testng.basic.class1.ExampleBatch9"/>
  <testcase name="firstFunction" time="0.009" classname="Testng.basic.class1.ExampleBatch9"/>
</testsuite> <!-- Testng.basic.class1.ExampleBatch9 -->
