<?xml version="1.0" encoding="UTF-8"?>
<!-- Generated by org.testng.reporters.JUnitReportReporter -->
<testsuite hostname="YI1007202LT" name="Testng.basic.class1.PreAndPostConditionBatch9" tests="3" failures="0" timestamp="16 May 2021 07:26:51 GMT" time="0.002" errors="0">
  <testcase name="firstFunction" time="0.000" classname="Testng.basic.class1.PreAndPostConditionBatch9"/>
  <testcase name="secondFunction" time="0.001" classname="Testng.basic.class1.PreAndPostConditionBatch9"/>
  <testcase name="thirdFunction" time="0.001" classname="Testng.basic.class1.PreAndPostConditionBatch9"/>
</testsuite> <!-- Testng.basic.class1.PreAndPostConditionBatch9 -->
