<?xml version="1.0" encoding="UTF-8"?>
<!-- Generated by org.testng.reporters.JUnitReportReporter -->
<testsuite hostname="YI1007202LT" name="com.class2.Priority" tests="2" failures="0" timestamp="16 May 2021 08:28:06 GMT" time="27.110" errors="0">
  <testcase name="validLogin" time="16.568" classname="com.class2.Priority"/>
  <testcase name="validationOfTitle" time="10.542" classname="com.class2.Priority"/>
</testsuite> <!-- com.class2.Priority -->
