<?xml version="1.0" encoding="UTF-8"?>
<!-- Generated by org.testng.reporters.JUnitReportReporter -->
<testsuite hostname="YI1007202LT" name="com.class2.EnableAndDisable" tests="1" failures="0" timestamp="16 May 2021 15:25:22 GMT" time="21.027" errors="0">
  <testcase name="validationOfTitle" time="21.027" classname="com.class2.EnableAndDisable"/>
</testsuite> <!-- com.class2.EnableAndDisable -->
