<?xml version="1.0" encoding="UTF-8"?>
<!-- Generated by org.testng.reporters.JUnitReportReporter -->
<testsuite hostname="YI1007202LT" name="com.class4.HW" tests="5" failures="0" timestamp="23 May 2021 15:06:26 GMT" time="137.390" errors="0">
  <testcase name="login" time="29.858" classname="com.class4.HW"/>
  <testcase name="login" time="27.588" classname="com.class4.HW"/>
  <testcase name="login" time="23.124" classname="com.class4.HW"/>
  <testcase name="login" time="27.797" classname="com.class4.HW"/>
  <testcase name="login" time="29.023" classname="com.class4.HW"/>
</testsuite> <!-- com.class4.HW -->
