<?xml version="1.0" encoding="UTF-8"?>
<!-- Generated by org.testng.reporters.JUnitReportReporter -->
<testsuite hostname="YI1007202LT" name="com.class2.Task2Batch9" tests="1" failures="0" timestamp="16 May 2021 14:51:16 GMT" time="22.025" errors="0">
  <testcase name="invalidLogin" time="22.025" classname="com.class2.Task2Batch9"/>
</testsuite> <!-- com.class2.Task2Batch9 -->
