<?xml version="1.0" encoding="UTF-8"?>
<!-- Generated by org.testng.reporters.JUnitReportReporter -->
<testsuite hostname="YI1007202LT" name="com.class2.AssertionsBatch9" tests="1" failures="0" timestamp="16 May 2021 19:52:10 GMT" time="0.003" errors="0">
  <testcase name="assertVerification" time="0.003" classname="com.class2.AssertionsBatch9"/>
</testsuite> <!-- com.class2.AssertionsBatch9 -->
