<?xml version="1.0" encoding="UTF-8"?>
<!-- Generated by org.testng.reporters.JUnitReportReporter -->
<testsuite hostname="YI1007202LT" name="Testng.basic.LoginTestBatch9" tests="2" failures="0" timestamp="15 May 2021 22:44:17 GMT" time="27.821" errors="0">
  <testcase name="validationOfTitle" time="10.554" classname="Testng.basic.LoginTestBatch9"/>
  <testcase name="validLogin" time="17.267" classname="Testng.basic.LoginTestBatch9"/>
</testsuite> <!-- Testng.basic.LoginTestBatch9 -->
