<?xml version="1.0" encoding="UTF-8"?>
<!-- Generated by org.testng.reporters.JUnitReportReporter -->
<testsuite hostname="YI1007202LT" name="com.class2.EnableAndDisableBatch9" tests="2" failures="0" timestamp="16 May 2021 15:38:34 GMT" time="38.484" errors="0">
  <testcase name="validationOfTitle" time="19.267" classname="com.class2.EnableAndDisableBatch9"/>
  <testcase name="validLogin" time="19.217" classname="com.class2.EnableAndDisableBatch9"/>
</testsuite> <!-- com.class2.EnableAndDisableBatch9 -->
