<?xml version="1.0" encoding="UTF-8"?>
<!-- Generated by org.testng.reporters.JUnitReportReporter -->
<testsuite hostname="YI1007202LT" name="com.class4.ParallelTest" tests="2" failures="0" timestamp="23 May 2021 17:46:52 GMT" time="31.351" errors="0">
  <testcase name="validationOfTitle" time="13.981" classname="com.class4.ParallelTest"/>
  <testcase name="validLogin" time="17.370" classname="com.class4.ParallelTest"/>
</testsuite> <!-- com.class4.ParallelTest -->
