<?xml version="1.0" encoding="UTF-8"?>
<!-- Generated by org.testng.reporters.JUnitReportReporter -->
<testsuite hostname="YI1007202LT" name="com.class2.DependsOnAttributeBatch9" tests="2" failures="0" timestamp="16 May 2021 19:52:10 GMT" time="0.001" errors="0">
  <testcase name="enterCredentials" time="0.001" classname="com.class2.DependsOnAttributeBatch9"/>
  <testcase name="launchApplication" time="0.000" classname="com.class2.DependsOnAttributeBatch9"/>
</testsuite> <!-- com.class2.DependsOnAttributeBatch9 -->
